[INFO  - 2021-03-22T16:20:32.377Z] GhostDriver - Main - running on port 56511
[INFO  - 2021-03-22T16:20:32.782Z] Session [8695bea0-8b2a-11eb-846c-21b34ef428d5] - page.settings - {"XSSAuditingEnabled":false,"javascriptCanCloseWindows":true,"javascriptCanOpenWindows":true,"javascriptEnabled":true,"loadImages":true,"localToRemoteUrlAccessEnabled":false,"userAgent":"Mozilla/5.0 (Unknown; Linux x86_64) AppleWebKit/538.1 (KHTML, like Gecko) PhantomJS/2.1.1 Safari/538.1","webSecurityEnabled":true}
[INFO  - 2021-03-22T16:20:32.782Z] Session [8695bea0-8b2a-11eb-846c-21b34ef428d5] - page.customHeaders:  - {}
[INFO  - 2021-03-22T16:20:32.782Z] Session [8695bea0-8b2a-11eb-846c-21b34ef428d5] - Session.negotiatedCapabilities - {"browserName":"phantomjs","version":"2.1.1","driverName":"ghostdriver","driverVersion":"1.2.0","platform":"linux-unknown-64bit","javascriptEnabled":true,"takesScreenshot":true,"handlesAlerts":false,"databaseEnabled":false,"locationContextEnabled":false,"applicationCacheEnabled":false,"browserConnectionEnabled":false,"cssSelectorsEnabled":true,"webStorageEnabled":false,"rotatable":false,"acceptSslCerts":false,"nativeEvents":true,"proxy":{"proxyType":"direct"}}
[INFO  - 2021-03-22T16:20:32.782Z] SessionManagerReqHand - _postNewSessionCommand - New Session Created: 8695bea0-8b2a-11eb-846c-21b34ef428d5
[ERROR - 2021-03-22T16:20:38.336Z] Session [8695bea0-8b2a-11eb-846c-21b34ef428d5] - page.onError - msg: ReferenceError: Can't find variable: Codeforces

  phantomjs://platform/console++.js:263 in error
[ERROR - 2021-03-22T16:20:38.336Z] Session [8695bea0-8b2a-11eb-846c-21b34ef428d5] - page.onError - stack:
  global code (https://codeforces.com/contests:185)

  phantomjs://platform/console++.js:263 in error
[ERROR - 2021-03-22T16:20:38.947Z] Session [8695bea0-8b2a-11eb-846c-21b34ef428d5] - page.onError - msg: ReferenceError: Can't find variable: Codeforces

  phantomjs://platform/console++.js:263 in error
[ERROR - 2021-03-22T16:20:38.947Z] Session [8695bea0-8b2a-11eb-846c-21b34ef428d5] - page.onError - stack:
  (anonymous function) (https://codeforces.com/contests:264)
  fire (https://sta.codeforces.com/s/87004/js/jquery-1.8.3.js:974)
  fireWith (https://sta.codeforces.com/s/87004/js/jquery-1.8.3.js:1084)
  ready (https://sta.codeforces.com/s/87004/js/jquery-1.8.3.js:406)
  DOMContentLoaded (https://sta.codeforces.com/s/87004/js/jquery-1.8.3.js:83)

  phantomjs://platform/console++.js:263 in error
[ERROR - 2021-03-22T16:20:39.275Z] Session [8695bea0-8b2a-11eb-846c-21b34ef428d5] - page.onError - msg: ReferenceError: Can't find variable: Codeforces

  phantomjs://platform/console++.js:263 in error
[ERROR - 2021-03-22T16:20:39.276Z] Session [8695bea0-8b2a-11eb-846c-21b34ef428d5] - page.onError - stack:
  (anonymous function) (undefined:6)
  execute (https://assets.codeforces.com/mathjax/MathJax.js?config=TeX-AMS_HTML-full:19)
  cb (https://assets.codeforces.com/mathjax/MathJax.js?config=TeX-AMS_HTML-full:19)
  Execute (https://assets.codeforces.com/mathjax/MathJax.js?config=TeX-AMS_HTML-full:19)
  ExecuteHooks (https://assets.codeforces.com/mathjax/MathJax.js?config=TeX-AMS_HTML-full:19)
  execute (https://assets.codeforces.com/mathjax/MathJax.js?config=TeX-AMS_HTML-full:19)
  cb (https://assets.codeforces.com/mathjax/MathJax.js?config=TeX-AMS_HTML-full:19)
  Execute (https://assets.codeforces.com/mathjax/MathJax.js?config=TeX-AMS_HTML-full:19)
  Post (https://assets.codeforces.com/mathjax/MathJax.js?config=TeX-AMS_HTML-full:19)
  execute (https://assets.codeforces.com/mathjax/MathJax.js?config=TeX-AMS_HTML-full:19)
  cb (https://assets.codeforces.com/mathjax/MathJax.js?config=TeX-AMS_HTML-full:19)
  Process (https://assets.codeforces.com/mathjax/MathJax.js?config=TeX-AMS_HTML-full:19)
  call (https://assets.codeforces.com/mathjax/MathJax.js?config=TeX-AMS_HTML-full:19)
  WAITEXECUTE (https://assets.codeforces.com/mathjax/MathJax.js?config=TeX-AMS_HTML-full:19)
  cb (https://assets.codeforces.com/mathjax/MathJax.js?config=TeX-AMS_HTML-full:19)
  Process (https://assets.codeforces.com/mathjax/MathJax.js?config=TeX-AMS_HTML-full:19)
  call (https://assets.codeforces.com/mathjax/MathJax.js?config=TeX-AMS_HTML-full:19)
  WAITEXECUTE (https://assets.codeforces.com/mathjax/MathJax.js?config=TeX-AMS_HTML-full:19)
  cb (https://assets.codeforces.com/mathjax/MathJax.js?config=TeX-AMS_HTML-full:19)
  Process (https://assets.codeforces.com/mathjax/MathJax.js?config=TeX-AMS_HTML-full:19)
  call (https://assets.codeforces.com/mathjax/MathJax.js?config=TeX-AMS_HTML-full:19)
  WAITEXECUTE (https://assets.codeforces.com/mathjax/MathJax.js?config=TeX-AMS_HTML-full:19)
  cb (https://assets.codeforces.com/mathjax/MathJax.js?config=TeX-AMS_HTML-full:19)
  Process (https://assets.codeforces.com/mathjax/MathJax.js?config=TeX-AMS_HTML-full:19)
  call (https://assets.codeforces.com/mathjax/MathJax.js?config=TeX-AMS_HTML-full:19)
  WAITEXECUTE (https://assets.codeforces.com/mathjax/MathJax.js?config=TeX-AMS_HTML-full:19)
  cb (https://assets.codeforces.com/mathjax/MathJax.js?config=TeX-AMS_HTML-full:19)

  phantomjs://platform/console++.js:263 in error
[ERROR - 2021-03-22T16:20:40.269Z] Session [8695bea0-8b2a-11eb-846c-21b34ef428d5] - page.onError - msg: ReferenceError: Can't find variable: Codeforces

  phantomjs://platform/console++.js:263 in error
[ERROR - 2021-03-22T16:20:40.269Z] Session [8695bea0-8b2a-11eb-846c-21b34ef428d5] - page.onError - stack:
  global code (https://codeforces.com/enter?back=%2Fcontests:185)

  phantomjs://platform/console++.js:263 in error
[ERROR - 2021-03-22T16:20:40.715Z] Session [8695bea0-8b2a-11eb-846c-21b34ef428d5] - page.onError - msg: ReferenceError: Can't find variable: Codeforces

  phantomjs://platform/console++.js:263 in error
[ERROR - 2021-03-22T16:20:40.715Z] Session [8695bea0-8b2a-11eb-846c-21b34ef428d5] - page.onError - stack:
  (anonymous function) (https://codeforces.com/enter?back=%2Fcontests:264)
  fire (https://sta.codeforces.com/s/87004/js/jquery-1.8.3.js:974)
  fireWith (https://sta.codeforces.com/s/87004/js/jquery-1.8.3.js:1084)
  ready (https://sta.codeforces.com/s/87004/js/jquery-1.8.3.js:406)
  DOMContentLoaded (https://sta.codeforces.com/s/87004/js/jquery-1.8.3.js:83)

  phantomjs://platform/console++.js:263 in error
[ERROR - 2021-03-22T16:20:40.923Z] Session [8695bea0-8b2a-11eb-846c-21b34ef428d5] - page.onError - msg: ReferenceError: Can't find variable: Codeforces

  phantomjs://platform/console++.js:263 in error
[ERROR - 2021-03-22T16:20:40.923Z] Session [8695bea0-8b2a-11eb-846c-21b34ef428d5] - page.onError - stack:
  (anonymous function) (undefined:6)
  execute (https://assets.codeforces.com/mathjax/MathJax.js?config=TeX-AMS_HTML-full:19)
  cb (https://assets.codeforces.com/mathjax/MathJax.js?config=TeX-AMS_HTML-full:19)
  Execute (https://assets.codeforces.com/mathjax/MathJax.js?config=TeX-AMS_HTML-full:19)
  ExecuteHooks (https://assets.codeforces.com/mathjax/MathJax.js?config=TeX-AMS_HTML-full:19)
  execute (https://assets.codeforces.com/mathjax/MathJax.js?config=TeX-AMS_HTML-full:19)
  cb (https://assets.codeforces.com/mathjax/MathJax.js?config=TeX-AMS_HTML-full:19)
  Execute (https://assets.codeforces.com/mathjax/MathJax.js?config=TeX-AMS_HTML-full:19)
  Post (https://assets.codeforces.com/mathjax/MathJax.js?config=TeX-AMS_HTML-full:19)
  execute (https://assets.codeforces.com/mathjax/MathJax.js?config=TeX-AMS_HTML-full:19)
  cb (https://assets.codeforces.com/mathjax/MathJax.js?config=TeX-AMS_HTML-full:19)
  Process (https://assets.codeforces.com/mathjax/MathJax.js?config=TeX-AMS_HTML-full:19)
  call (https://assets.codeforces.com/mathjax/MathJax.js?config=TeX-AMS_HTML-full:19)
  WAITEXECUTE (https://assets.codeforces.com/mathjax/MathJax.js?config=TeX-AMS_HTML-full:19)
  cb (https://assets.codeforces.com/mathjax/MathJax.js?config=TeX-AMS_HTML-full:19)
  Process (https://assets.codeforces.com/mathjax/MathJax.js?config=TeX-AMS_HTML-full:19)
  call (https://assets.codeforces.com/mathjax/MathJax.js?config=TeX-AMS_HTML-full:19)
  WAITEXECUTE (https://assets.codeforces.com/mathjax/MathJax.js?config=TeX-AMS_HTML-full:19)
  cb (https://assets.codeforces.com/mathjax/MathJax.js?config=TeX-AMS_HTML-full:19)
  Process (https://assets.codeforces.com/mathjax/MathJax.js?config=TeX-AMS_HTML-full:19)
  call (https://assets.codeforces.com/mathjax/MathJax.js?config=TeX-AMS_HTML-full:19)
  WAITEXECUTE (https://assets.codeforces.com/mathjax/MathJax.js?config=TeX-AMS_HTML-full:19)
  cb (https://assets.codeforces.com/mathjax/MathJax.js?config=TeX-AMS_HTML-full:19)
  Process (https://assets.codeforces.com/mathjax/MathJax.js?config=TeX-AMS_HTML-full:19)
  call (https://assets.codeforces.com/mathjax/MathJax.js?config=TeX-AMS_HTML-full:19)
  WAITEXECUTE (https://assets.codeforces.com/mathjax/MathJax.js?config=TeX-AMS_HTML-full:19)
  cb (https://assets.codeforces.com/mathjax/MathJax.js?config=TeX-AMS_HTML-full:19)

  phantomjs://platform/console++.js:263 in error
[ERROR - 2021-03-22T16:20:44.981Z] Session [8695bea0-8b2a-11eb-846c-21b34ef428d5] - page.onError - msg: ReferenceError: Can't find variable: Codeforces

  phantomjs://platform/console++.js:263 in error
[ERROR - 2021-03-22T16:20:44.981Z] Session [8695bea0-8b2a-11eb-846c-21b34ef428d5] - page.onError - stack:
  global code (https://codeforces.com/contests:187)

  phantomjs://platform/console++.js:263 in error
[ERROR - 2021-03-22T16:20:45.121Z] Session [8695bea0-8b2a-11eb-846c-21b34ef428d5] - page.onError - msg: ReferenceError: Can't find variable: Codeforces

  phantomjs://platform/console++.js:263 in error
[ERROR - 2021-03-22T16:20:45.121Z] Session [8695bea0-8b2a-11eb-846c-21b34ef428d5] - page.onError - stack:
  (anonymous function) (https://codeforces.com/contests:266)
  fire (https://sta.codeforces.com/s/87004/js/jquery-1.8.3.js:974)
  fireWith (https://sta.codeforces.com/s/87004/js/jquery-1.8.3.js:1084)
  ready (https://sta.codeforces.com/s/87004/js/jquery-1.8.3.js:406)
  DOMContentLoaded (https://sta.codeforces.com/s/87004/js/jquery-1.8.3.js:83)

  phantomjs://platform/console++.js:263 in error
[ERROR - 2021-03-22T16:20:45.386Z] Session [8695bea0-8b2a-11eb-846c-21b34ef428d5] - page.onError - msg: ReferenceError: Can't find variable: Codeforces

  phantomjs://platform/console++.js:263 in error
[ERROR - 2021-03-22T16:20:45.386Z] Session [8695bea0-8b2a-11eb-846c-21b34ef428d5] - page.onError - stack:
  (anonymous function) (undefined:6)
  execute (https://assets.codeforces.com/mathjax/MathJax.js?config=TeX-AMS_HTML-full:19)
  cb (https://assets.codeforces.com/mathjax/MathJax.js?config=TeX-AMS_HTML-full:19)
  Execute (https://assets.codeforces.com/mathjax/MathJax.js?config=TeX-AMS_HTML-full:19)
  ExecuteHooks (https://assets.codeforces.com/mathjax/MathJax.js?config=TeX-AMS_HTML-full:19)
  execute (https://assets.codeforces.com/mathjax/MathJax.js?config=TeX-AMS_HTML-full:19)
  cb (https://assets.codeforces.com/mathjax/MathJax.js?config=TeX-AMS_HTML-full:19)
  Execute (https://assets.codeforces.com/mathjax/MathJax.js?config=TeX-AMS_HTML-full:19)
  Post (https://assets.codeforces.com/mathjax/MathJax.js?config=TeX-AMS_HTML-full:19)
  execute (https://assets.codeforces.com/mathjax/MathJax.js?config=TeX-AMS_HTML-full:19)
  cb (https://assets.codeforces.com/mathjax/MathJax.js?config=TeX-AMS_HTML-full:19)
  Process (https://assets.codeforces.com/mathjax/MathJax.js?config=TeX-AMS_HTML-full:19)
  call (https://assets.codeforces.com/mathjax/MathJax.js?config=TeX-AMS_HTML-full:19)
  WAITEXECUTE (https://assets.codeforces.com/mathjax/MathJax.js?config=TeX-AMS_HTML-full:19)
  cb (https://assets.codeforces.com/mathjax/MathJax.js?config=TeX-AMS_HTML-full:19)
  Process (https://assets.codeforces.com/mathjax/MathJax.js?config=TeX-AMS_HTML-full:19)
  call (https://assets.codeforces.com/mathjax/MathJax.js?config=TeX-AMS_HTML-full:19)
  WAITEXECUTE (https://assets.codeforces.com/mathjax/MathJax.js?config=TeX-AMS_HTML-full:19)
  cb (https://assets.codeforces.com/mathjax/MathJax.js?config=TeX-AMS_HTML-full:19)
  Process (https://assets.codeforces.com/mathjax/MathJax.js?config=TeX-AMS_HTML-full:19)
  call (https://assets.codeforces.com/mathjax/MathJax.js?config=TeX-AMS_HTML-full:19)
  WAITEXECUTE (https://assets.codeforces.com/mathjax/MathJax.js?config=TeX-AMS_HTML-full:19)
  cb (https://assets.codeforces.com/mathjax/MathJax.js?config=TeX-AMS_HTML-full:19)
  Process (https://assets.codeforces.com/mathjax/MathJax.js?config=TeX-AMS_HTML-full:19)
  call (https://assets.codeforces.com/mathjax/MathJax.js?config=TeX-AMS_HTML-full:19)
  WAITEXECUTE (https://assets.codeforces.com/mathjax/MathJax.js?config=TeX-AMS_HTML-full:19)
  cb (https://assets.codeforces.com/mathjax/MathJax.js?config=TeX-AMS_HTML-full:19)

  phantomjs://platform/console++.js:263 in error
[ERROR - 2021-03-22T16:20:47.656Z] WebElementLocator - _handleLocateCommand - Element(s) NOT Found: GAVE UP. Search Stop Time: 1616430047654

  phantomjs://platform/console++.js:263 in error
[ERROR - 2021-03-22T16:20:49.983Z] Session [8695bea0-8b2a-11eb-846c-21b34ef428d5] - page.onError - msg: ReferenceError: Can't find variable: Codeforces

  phantomjs://platform/console++.js:263 in error
[ERROR - 2021-03-22T16:20:49.983Z] Session [8695bea0-8b2a-11eb-846c-21b34ef428d5] - page.onError - stack:
  (anonymous function) (https://codeforces.com/contests:503)

  phantomjs://platform/console++.js:263 in error
